
========================[ Sep 15, 2020 11:05 AM ]========================
Version 2.2.8 [Jan-05-2004]
Started database file "upload/cds.fasta.fasta"
Formatted 80 sequences in volume 0

========================[ Sep 15, 2020 11:07 AM ]========================
Version 2.2.8 [Jan-05-2004]
Started database file "upload/cds.fasta.fasta"
Formatted 160 sequences in volume 0

========================[ Sep 15, 2020 11:09 AM ]========================
Version 2.2.8 [Jan-05-2004]
Started database file "upload/cds.fasta.fasta"
Formatted 40 sequences in volume 0

========================[ Sep 15, 2020 11:42 AM ]========================
Version 2.2.8 [Jan-05-2004]
Started database file "upload/cds.fasta.fasta"
Formatted 80 sequences in volume 0

========================[ Sep 16, 2020  7:11 AM ]========================
Version 2.2.8 [Jan-05-2004]
Started database file "upload/cds.fasta.fasta"
Formatted 160 sequences in volume 0
